0 info it worked if it ends with ok
1 verbose cli [ '/usr/local/bin/node', '/usr/local/bin/npm', 'publish' ]
2 info using npm@3.10.8
3 info using node@v6.9.1
4 verbose publish [ '.' ]
5 silly cache add args [ '.', null ]
6 verbose cache add spec .
7 silly cache add parsed spec Result {
7 silly cache add   raw: '.',
7 silly cache add   scope: null,
7 silly cache add   escapedName: null,
7 silly cache add   name: null,
7 silly cache add   rawSpec: '.',
7 silly cache add   spec: '/Users/jianrulin/fmtjs-loader',
7 silly cache add   type: 'directory' }
8 verbose addLocalDirectory /Users/jianrulin/.npm/fmtjs-loader/4.22.0/package.tgz not in flight; packing
9 verbose correctMkdir /Users/jianrulin/.npm correctMkdir not in flight; initializing
10 info lifecycle fmtjs-loader@4.22.0~prepublish: fmtjs-loader@4.22.0
11 silly lifecycle fmtjs-loader@4.22.0~prepublish: no script for prepublish, continuing
12 verbose tar pack [ '/Users/jianrulin/.npm/fmtjs-loader/4.22.0/package.tgz',
12 verbose tar pack   '/Users/jianrulin/fmtjs-loader' ]
13 verbose tarball /Users/jianrulin/.npm/fmtjs-loader/4.22.0/package.tgz
14 verbose folder /Users/jianrulin/fmtjs-loader
15 verbose addLocalTarball adding from inside cache /Users/jianrulin/.npm/fmtjs-loader/4.22.0/package.tgz
16 verbose correctMkdir /Users/jianrulin/.npm correctMkdir not in flight; initializing
17 silly cache afterAdd fmtjs-loader@4.22.0
18 verbose afterAdd /Users/jianrulin/.npm/fmtjs-loader/4.22.0/package/package.json not in flight; writing
19 verbose correctMkdir /Users/jianrulin/.npm correctMkdir not in flight; initializing
20 verbose afterAdd /Users/jianrulin/.npm/fmtjs-loader/4.22.0/package/package.json written
21 silly publish { name: 'fmtjs-loader',
21 silly publish   version: '4.22.0',
21 silly publish   description: '[![Build Status](https://travis-ci.org/Jianru-Lin/fmtjs-loader.svg?branch=master)](https://travis-ci.org/Jianru-Lin/fmtjs-loader) [![codecov](https://codecov.io/gh/Jianru-Lin/fmtjs-loader/branch/master/graph/badge.svg)](https://codecov.io/gh/Jianru-Lin/fmtjs-loader)',
21 silly publish   main: 'index.js',
21 silly publish   scripts:
21 silly publish    { test: './node_modules/mocha/bin/mocha',
21 silly publish      'test-cover': 'istanbul cover ./node_modules/mocha/bin/_mocha' },
21 silly publish   author: { name: 'Jianru Lin' },
21 silly publish   license: 'MIT',
21 silly publish   dependencies: { request: '^2.75.0' },
21 silly publish   devDependencies: { chai: '^3.5.0', codecov: '^1.0.1', mocha: '^3.1.2' },
21 silly publish   readme: '[![Build Status](https://travis-ci.org/Jianru-Lin/fmtjs-loader.svg?branch=master)](https://travis-ci.org/Jianru-Lin/fmtjs-loader) [![codecov](https://codecov.io/gh/Jianru-Lin/fmtjs-loader/branch/master/graph/badge.svg)](https://codecov.io/gh/Jianru-Lin/fmtjs-loader)\n',
21 silly publish   readmeFilename: 'README.md',
21 silly publish   gitHead: '430e6121182e71593014485916e179614b6788ba',
21 silly publish   _id: 'fmtjs-loader@4.22.0',
21 silly publish   _shasum: '8500b6344d83a0d5cd44d6bd7201dcc50f105821',
21 silly publish   _from: '.' }
22 verbose getPublishConfig undefined
23 silly mapToRegistry name fmtjs-loader
24 silly mapToRegistry using default registry
25 silly mapToRegistry registry https://registry.npmjs.org/
26 silly mapToRegistry data Result {
26 silly mapToRegistry   raw: 'fmtjs-loader',
26 silly mapToRegistry   scope: null,
26 silly mapToRegistry   escapedName: 'fmtjs-loader',
26 silly mapToRegistry   name: 'fmtjs-loader',
26 silly mapToRegistry   rawSpec: '',
26 silly mapToRegistry   spec: 'latest',
26 silly mapToRegistry   type: 'tag' }
27 silly mapToRegistry uri https://registry.npmjs.org/fmtjs-loader
28 verbose publish registryBase https://registry.npmjs.org/
29 silly publish uploading /Users/jianrulin/.npm/fmtjs-loader/4.22.0/package.tgz
30 verbose request uri https://registry.npmjs.org/fmtjs-loader
31 verbose request sending authorization for write operation
32 info attempt registry request try #1 at 3:58:24 PM
33 verbose request using bearer token for auth
34 verbose request id bb347bffacae8adb
35 http request PUT https://registry.npmjs.org/fmtjs-loader
36 http 403 https://registry.npmjs.org/fmtjs-loader
37 verbose headers { 'content-type': 'application/json',
37 verbose headers   'cache-control': 'max-age=300',
37 verbose headers   'content-length': '96',
37 verbose headers   'accept-ranges': 'bytes',
37 verbose headers   date: 'Sun, 01 Jan 2017 07:58:25 GMT',
37 verbose headers   via: '1.1 varnish',
37 verbose headers   connection: 'keep-alive',
37 verbose headers   'x-served-by': 'cache-nrt6130-NRT',
37 verbose headers   'x-cache': 'MISS',
37 verbose headers   'x-cache-hits': '0',
37 verbose headers   'x-timer': 'S1483257505.298242,VS0,VE592',
37 verbose headers   vary: 'Accept-Encoding' }
38 verbose request invalidating /Users/jianrulin/.npm/registry.npmjs.org/fmtjs-loader on PUT
39 error publish Failed PUT 403
40 verbose stack Error: "You cannot publish over the previously published version 4.22.0." : fmtjs-loader
40 verbose stack     at makeError (/usr/local/lib/node_modules/npm/node_modules/npm-registry-client/lib/request.js:302:12)
40 verbose stack     at CachingRegistryClient.<anonymous> (/usr/local/lib/node_modules/npm/node_modules/npm-registry-client/lib/request.js:290:14)
40 verbose stack     at Request._callback (/usr/local/lib/node_modules/npm/node_modules/npm-registry-client/lib/request.js:210:14)
40 verbose stack     at Request.self.callback (/usr/local/lib/node_modules/npm/node_modules/request/request.js:187:22)
40 verbose stack     at emitTwo (events.js:106:13)
40 verbose stack     at Request.emit (events.js:191:7)
40 verbose stack     at Request.<anonymous> (/usr/local/lib/node_modules/npm/node_modules/request/request.js:1044:10)
40 verbose stack     at emitOne (events.js:96:13)
40 verbose stack     at Request.emit (events.js:188:7)
40 verbose stack     at IncomingMessage.<anonymous> (/usr/local/lib/node_modules/npm/node_modules/request/request.js:965:12)
41 verbose statusCode 403
42 verbose pkgid fmtjs-loader
43 verbose cwd /Users/jianrulin/fmtjs-loader
44 error Darwin 16.3.0
45 error argv "/usr/local/bin/node" "/usr/local/bin/npm" "publish"
46 error node v6.9.1
47 error npm  v3.10.8
48 error code E403
49 error "You cannot publish over the previously published version 4.22.0." : fmtjs-loader
50 error If you need help, you may report this error at:
50 error     <https://github.com/npm/npm/issues>
51 verbose exit [ 1, true ]
